<?xml version="1.0" encoding="UTF-8"?>
<!-- Generated by org.testng.reporters.JUnitReportReporter -->
<testsuite hostname="LAPTOP-L3675DRK" name="TestCases.HomePage" tests="8" failures="0" timestamp="19 Aug 2020 11:18:59 GMT" time="124.971" errors="0">
  <testcase name="clickOnXstreamLinkTest" time="22.565" classname="TestCases.HomePage"/>
  <testcase name="verifyAirtelLogo" time="0.054" classname="TestCases.HomePage"/>
  <testcase name="clickOnCareerLinkTest" time="51.952" classname="TestCases.HomePage"/>
  <testcase name="clickOnAirtelPaymentsBankLinkTest" time="24.642" classname="TestCases.HomePage"/>
  <testcase name="clickOnBusinessLinkTest" time="12.314" classname="TestCases.HomePage"/>
  <testcase name="clickOnInvestorLinkTest" time="7.188" classname="TestCases.HomePage"/>
  <testcase name="clickOnWynkLinkTest" time="6.233" classname="TestCases.HomePage"/>
  <testcase name="verifyPageTitleTest" time="0.023" classname="TestCases.HomePage"/>
</testsuite> <!-- TestCases.HomePage -->
