<?xml version="1.0" encoding="UTF-8"?>
<!-- Generated by org.testng.reporters.JUnitReportReporter -->
<testsuite hostname="LAPTOP-L3675DRK" name="TestCases.PostpaidDropdown" tests="1" failures="0" timestamp="31 Aug 2020 08:08:50 GMT" time="0.780" errors="0">
  <testcase name="verifyPostpaidDropdownListTest" time="0.780" classname="TestCases.PostpaidDropdown"/>
</testsuite> <!-- TestCases.PostpaidDropdown -->
